information QA1004: blank or 'noise' <param> tag ignored for member: "M:nom.tam.fits.Header.AddHistory(System.String)"
warning QA1001: Badly formed XML comment ignored for member "M:nom.tam.fits.Header.ContainsKey(System.String)"
information QA1004: blank or 'noise' <returns> tag ignored for member: "M:nom.tam.fits.Header.GetEnumerator"
information QA1004: blank or 'noise' <summary> tag ignored for member: "T:nom.tam.util.ConfigStream"
information QA1004: blank or 'noise' <param> tag ignored for member: "M:nom.tam.util.ArrayFuncs.CountDimensions(System.Object)"
information QA1004: blank or 'noise' <param> tag ignored for member: "M:nom.tam.util.ArrayFuncs.IsArrayOfArrays(System.Object)"
information QA1004: blank or 'noise' <param> tag ignored for member: "M:nom.tam.util.ArrayFuncs.NextIndex(System.Int32[],System.Int32[])"
information QA1004: blank or 'noise' <param> tag ignored for member: "M:nom.tam.util.ArrayFuncs.NextIndex(System.Int32[],System.Int32[])"
information QA1004: blank or 'noise' <param> tag ignored for member: "M:nom.tam.util.ArrayFuncs.NextIndex(System.Int32[],System.Int32[],System.Int32[])"
information QA1004: blank or 'noise' <param> tag ignored for member: "M:nom.tam.util.ArrayFuncs.NextIndex(System.Int32[],System.Int32[],System.Int32[])"
information QA1004: blank or 'noise' <param> tag ignored for member: "M:nom.tam.util.ArrayFuncs.NextIndex(System.Int32[],System.Int32[],System.Int32[])"
information QA1004: blank or 'noise' <returns> tag ignored for member: "M:nom.tam.util.ArrayFuncs.NextIndex(System.Int32[],System.Int32[],System.Int32[])"
information QA1004: blank or 'noise' <param> tag ignored for member: "M:nom.tam.fits.BasicHDU.GetTrimmedString(System.String)"
warning QA1001: Badly formed XML comment ignored for member "P:nom.tam.fits.BasicHDU.BitPix"
warning QA1001: Badly formed XML comment ignored for member "P:nom.tam.fits.BasicHDU.Axes"
warning QA1001: Badly formed XML comment ignored for member "P:nom.tam.fits.BasicHDU.BlankValue"
warning QA1005: malformed cref attribute in <seealso> tag ignored for member: "P:nom.tam.fits.BasicHDU.Epoch"
warning QA1005: malformed cref attribute in <exception> tag ignored for member: "M:nom.tam.fits.TableHDU.GetColumnName(System.Int32)"
warning QA1005: malformed cref attribute in <exception> tag ignored for member: "M:nom.tam.fits.TableHDU.GetColumnFormat(System.Int32)"
warning QA1001: Badly formed XML comment ignored for member "M:nom.tam.fits.TableHDU.DeleteRows(System.Int32,System.Int32)"
information QA1004: blank or 'noise' <returns> tag ignored for member: "M:nom.tam.fits.FitsDate.ToString"
information QA1004: blank or 'noise' <summary> tag ignored for member: "T:nom.tam.util.ByteRenderer"
information QA1004: blank or 'noise' <param> tag ignored for member: "M:nom.tam.util.ByteRenderer.StringArrayByteRendererHeap.Render(System.Object,System.Byte[]@,System.Int32)"
information QA1004: blank or 'noise' <param> tag ignored for member: "M:nom.tam.util.ByteRenderer.StringArrayByteRendererHeap.Render(System.Object,System.Byte[]@,System.Int32)"
information QA1004: blank or 'noise' <param> tag ignored for member: "M:nom.tam.util.ByteRenderer.StringArrayByteRendererHeap.Render(System.Object,System.Byte[]@,System.Int32)"
information QA1004: blank or 'noise' <returns> tag ignored for member: "M:nom.tam.util.ByteRenderer.StringArrayByteRendererHeap.Render(System.Object,System.Byte[]@,System.Int32)"
information QA1004: blank or 'noise' <summary> tag ignored for member: "T:nom.tam.util.BufferedFile"
information QA1004: blank or 'noise' <summary> tag ignored for member: "T:nom.tam.util.BufferedDataStream"
information QA1004: blank or 'noise' <summary> tag ignored for member: "T:nom.tam.util.ArrayDataIO"
warning QA1001: Badly formed XML comment ignored for member "M:nom.tam.util.ArrayDataIO.ReadArray(System.Object)"
information QA1004: blank or 'noise' <param> tag ignored for member: "M:nom.tam.util.ArrayDataIO.Read(System.Byte[])"
information QA1004: blank or 'noise' <returns> tag ignored for member: "M:nom.tam.util.ArrayDataIO.Read(System.Byte[])"
information QA1004: blank or 'noise' <param> tag ignored for member: "M:nom.tam.util.ArrayDataIO.Read(System.SByte[],System.Int32,System.Int32)"
information QA1004: blank or 'noise' <param> tag ignored for member: "M:nom.tam.util.ArrayDataIO.Read(System.SByte[],System.Int32,System.Int32)"
information QA1004: blank or 'noise' <param> tag ignored for member: "M:nom.tam.util.ArrayDataIO.Read(System.SByte[],System.Int32,System.Int32)"
information QA1004: blank or 'noise' <returns> tag ignored for member: "M:nom.tam.util.ArrayDataIO.Read(System.SByte[],System.Int32,System.Int32)"
warning QA1001: Badly formed XML comment ignored for member "M:nom.tam.util.ArrayDataIO.WriteArray(System.Object)"
information QA1004: blank or 'noise' <param> tag ignored for member: "M:nom.tam.util.ArrayDataIO.Write(System.String[])"
information QA1004: blank or 'noise' <param> tag ignored for member: "M:nom.tam.util.ArrayDataIO.Write(System.SByte[],System.Int32,System.Int32)"
information QA1004: blank or 'noise' <param> tag ignored for member: "M:nom.tam.util.ArrayDataIO.Write(System.SByte[],System.Int32,System.Int32)"
information QA1004: blank or 'noise' <param> tag ignored for member: "M:nom.tam.util.ArrayDataIO.Write(System.SByte[],System.Int32,System.Int32)"
information QA1004: blank or 'noise' <param> tag ignored for member: "M:nom.tam.util.ArrayDataIO.Write(System.String[],System.Int32,System.Int32)"
information QA1004: blank or 'noise' <param> tag ignored for member: "M:nom.tam.util.ArrayDataIO.Write(System.String[],System.Int32,System.Int32)"
information QA1004: blank or 'noise' <param> tag ignored for member: "M:nom.tam.util.ArrayDataIO.Write(System.String[],System.Int32,System.Int32)"
information QA1004: blank or 'noise' <param> tag ignored for member: "M:nom.tam.util.BufferedDataStream.#ctor(System.IO.Stream)"
information QA1004: blank or 'noise' <param> tag ignored for member: "M:nom.tam.util.BufferedDataStream.#ctor(System.IO.Stream,System.Int32)"
information QA1004: blank or 'noise' <param> tag ignored for member: "M:nom.tam.util.BufferedDataStream.#ctor(System.IO.Stream,System.Int32)"
information QA1004: blank or 'noise' <param> tag ignored for member: "M:nom.tam.util.BufferedFile.#ctor(System.String,System.IO.FileAccess,System.IO.FileShare,System.Int32)"
information QA1004: blank or 'noise' <param> tag ignored for member: "M:nom.tam.util.BufferedFile.#ctor(System.String,System.IO.FileAccess,System.IO.FileShare,System.Int32)"
information QA1004: blank or 'noise' <param> tag ignored for member: "M:nom.tam.util.BufferedFile.#ctor(System.String,System.IO.FileAccess,System.IO.FileShare,System.Int32)"
information QA1004: blank or 'noise' <param> tag ignored for member: "M:nom.tam.util.BufferedFile.#ctor(System.String,System.IO.FileAccess,System.IO.FileShare,System.Int32)"
warning QA1005: malformed cref attribute in <exception> tag ignored for member: "M:nom.tam.fits.HeaderCard.#ctor(System.String,System.String,System.String,System.Boolean)"
warning QA1005: malformed cref attribute in <exception> tag ignored for member: "M:nom.tam.fits.HeaderCard.#ctor(System.String,System.String,System.String)"
warning QA1005: malformed cref attribute in <exception> tag ignored for member: "M:nom.tam.fits.HeaderCard.#ctor(System.String,System.Boolean,System.String)"
warning QA1005: malformed cref attribute in <exception> tag ignored for member: "M:nom.tam.fits.HeaderCard.#ctor(System.String,System.Int32,System.String)"
warning QA1005: malformed cref attribute in <exception> tag ignored for member: "M:nom.tam.fits.HeaderCard.#ctor(System.String,System.Single,System.String)"
warning QA1005: malformed cref attribute in <exception> tag ignored for member: "M:nom.tam.fits.HeaderCard.#ctor(System.String,System.Int64,System.String)"
warning QA1005: malformed cref attribute in <exception> tag ignored for member: "M:nom.tam.fits.HeaderCard.#ctor(System.String,System.Double,System.String)"
warning QA1001: Badly formed XML comment ignored for member "T:nom.tam.fits.Fits"
information QA1004: blank or 'noise' <param> tag ignored for member: "M:nom.tam.fits.Fits.Write(System.Data.IDataReader,System.String)"
information QA1004: blank or 'noise' <param> tag ignored for member: "M:nom.tam.fits.Fits.Write(System.Data.IDataReader,System.String)"
information QA1004: blank or 'noise' <param> tag ignored for member: "M:nom.tam.fits.Fits.Write(System.Data.IDataReader,System.String,nom.tam.fits.StreamedBinaryTableHDU.StringWriteMode,System.Int32,System.Boolean,System.Char)"
information QA1004: blank or 'noise' <param> tag ignored for member: "M:nom.tam.fits.Fits.Write(System.Data.IDataReader,System.String,nom.tam.fits.StreamedBinaryTableHDU.StringWriteMode,System.Int32,System.Boolean,System.Char)"
information QA1004: blank or 'noise' <param> tag ignored for member: "M:nom.tam.fits.Fits.Write(System.Data.IDataReader,System.String,nom.tam.fits.StreamedBinaryTableHDU.StringWriteMode,System.Int32,System.Boolean,System.Char)"
information QA1004: blank or 'noise' <param> tag ignored for member: "M:nom.tam.fits.Fits.Write(System.Data.IDataReader,System.String,nom.tam.fits.StreamedBinaryTableHDU.StringWriteMode,System.Int32,System.Boolean,System.Char)"
information QA1004: blank or 'noise' <param> tag ignored for member: "M:nom.tam.fits.Fits.Write(System.Data.IDataReader,System.String,nom.tam.fits.StreamedBinaryTableHDU.StringWriteMode,System.Int32,System.Boolean,System.Char)"
information QA1004: blank or 'noise' <param> tag ignored for member: "M:nom.tam.fits.Fits.Write(System.Data.IDataReader,System.String,nom.tam.fits.StreamedBinaryTableHDU.StringWriteMode,System.Int32,System.Boolean,System.Char)"
warning QA1005: malformed cref attribute in <exception> tag ignored for member: "M:nom.tam.fits.Fits.#ctor(System.String)"
information QA1004: blank or 'noise' <param> tag ignored for member: "M:nom.tam.fits.Fits.#ctor(System.String,System.IO.FileAccess)"
information QA1004: blank or 'noise' <param> tag ignored for member: "M:nom.tam.fits.Fits.#ctor(System.String,System.IO.FileAccess)"
warning QA1001: Badly formed XML comment ignored for member "M:nom.tam.fits.Fits.#ctor(System.String,System.Boolean,System.IO.FileAccess)"
information QA1004: blank or 'noise' <summary> tag ignored for member: "M:nom.tam.fits.Fits.Close"
warning QA1001: Badly formed XML comment ignored for member "M:nom.tam.fits.Fits.ChecksumEnc(System.Int64,System.Boolean)"
warning QA1001: Badly formed XML comment ignored for member "F:nom.tam.fits.FitsHeap.heapSize"
information QA1004: blank or 'noise' <param> tag ignored for member: "M:nom.tam.fits.BadHeaderException.#ctor(System.String)"
information QA1004: blank or 'noise' <param> tag ignored for member: "M:nom.tam.fits.UndefinedData.#ctor(nom.tam.fits.Header)"
information QA1004: blank or 'noise' <param> tag ignored for member: "M:nom.tam.fits.UndefinedData.Read(nom.tam.util.ArrayDataIO)"
information QA1004: blank or 'noise' <param> tag ignored for member: "M:nom.tam.fits.UndefinedData.Write(nom.tam.util.ArrayDataIO)"
information QA1004: blank or 'noise' <param> tag ignored for member: "M:nom.tam.fits.BinaryTableHDU.#ctor(nom.tam.fits.Header,nom.tam.fits.Data)"
information QA1004: blank or 'noise' <param> tag ignored for member: "M:nom.tam.fits.BinaryTableHDU.#ctor(nom.tam.fits.Header,nom.tam.fits.Data)"
warning QA1005: malformed cref attribute in <exception> tag ignored for member: "M:nom.tam.fits.BinaryTableHDU.ManufactureData(nom.tam.fits.Header)"
warning QA1005: malformed cref attribute in <exception> tag ignored for member: "M:nom.tam.fits.BinaryTableHDU.AddColumn(System.Object)"
warning QA1001: Badly formed XML comment ignored for member "T:nom.tam.util.HashedList"
information QA1004: blank or 'noise' <param> tag ignored for member: "M:nom.tam.util.HashedList.RemoveKey(System.Object)"
information QA1004: blank or 'noise' <param> tag ignored for member: "M:nom.tam.util.HashedList.GetCursor(System.Object)"
information QA1004: blank or 'noise' <param> tag ignored for member: "M:nom.tam.util.HashedList.ContainsValue(System.Object)"
information QA1004: blank or 'noise' <param> tag ignored for member: "M:nom.tam.util.HashedList.RemoveValue(System.Object)"
information QA1004: blank or 'noise' <returns> tag ignored for member: "M:nom.tam.util.HashedList.RemoveValue(System.Object)"
information QA1004: blank or 'noise' <param> tag ignored for member: "M:nom.tam.util.HashedList.HashedListCursor.Insert(System.Object,System.Object)"
information QA1004: blank or 'noise' <param> tag ignored for member: "M:nom.tam.util.HashedList.HashedListCursor.Insert(System.Object,System.Object)"
warning QA1005: malformed cref attribute in <exception> tag ignored for member: "M:nom.tam.fits.BinaryTable.CreateTable"
warning QA1005: malformed cref attribute in <exception> tag ignored for member: "M:nom.tam.fits.BinaryTable.SetRow(System.Int32,System.Array)"
warning QA1005: malformed cref attribute in <exception> tag ignored for member: "M:nom.tam.fits.BinaryTable.SetColumn(System.Int32,System.Object)"
warning QA1005: malformed cref attribute in <exception> tag ignored for member: "M:nom.tam.fits.BinaryTable.SetFlattenedColumn(System.Int32,System.Object)"
warning QA1001: Badly formed XML comment ignored for member "M:nom.tam.fits.BinaryTable.DeleteRows(System.Int32,System.Int32)"
warning QA1005: malformed cref attribute in <exception> tag ignored for member: "M:nom.tam.fits.BinaryTable.SetElement(System.Int32,System.Int32,System.Object)"
information QA1004: blank or 'noise' <summary> tag ignored for member: "T:nom.tam.util.HeapStream"
warning QA1005: malformed cref attribute in <exception> tag ignored for member: "M:nom.tam.util.ColumnTable.SetColumn(System.Int32,System.Object)"
warning QA1005: malformed cref attribute in <seealso> tag ignored for member: "M:nom.tam.util.ColumnTable.SetRow(System.Int32,System.Object)"
information QA1004: blank or 'noise' <param> tag ignored for member: "M:nom.tam.util.ColumnTable.AddPointer(System.Object)"
information QA1004: blank or 'noise' <summary> tag ignored for member: "T:nom.tam.fits.StreamedBinaryTableHDU"
warning QA1005: malformed cref attribute in <exception> tag ignored for member: "M:nom.tam.fits.ImageHDU.ManufactureData"
warning QA1005: malformed cref attribute in <exception> tag ignored for member: "M:nom.tam.fits.ImageHDU.ManufactureHeader(nom.tam.fits.Data)"
information QA1004: blank or 'noise' <summary> tag ignored for member: "T:nom.tam.util.DefaultValueHashtable"
warning QA1005: malformed cref attribute in <exception> tag ignored for member: "M:nom.tam.fits.UndefinedHDU.#ctor(nom.tam.fits.Header,nom.tam.fits.Data)"
warning QA1005: malformed cref attribute in <exception> tag ignored for member: "M:nom.tam.fits.UndefinedHDU.ManufactureData"
information QA1004: blank or 'noise' <param> tag ignored for member: "M:nom.tam.fits.UndefinedHDU.ManufactureData(nom.tam.fits.Header)"
information QA1004: blank or 'noise' <returns> tag ignored for member: "M:nom.tam.fits.UndefinedHDU.ManufactureData(nom.tam.fits.Header)"
warning QA1005: malformed cref attribute in <exception> tag ignored for member: "M:nom.tam.fits.UndefinedHDU.ManufactureHeader(nom.tam.fits.Data)"
warning QA1001: Badly formed XML comment ignored for member "T:nom.tam.util.BufferedFileTester"
information QA1004: blank or 'noise' <summary> tag ignored for member: "T:nom.tam.fits.HeaderTest"
information QA1004: blank or 'noise' <param> tag ignored for member: "M:nom.tam.fits.TruncatedFileException.#ctor(System.String)"
information QA1004: blank or 'noise' <param> tag ignored for member: "M:nom.tam.fits.HeaderCardException.#ctor(System.String)"
warning QA1001: Badly formed XML comment ignored for member "T:nom.tam.util.ByteFormatter"
information QA1004: blank or 'noise' <param> tag ignored for member: "M:nom.tam.fits.ImageData.Read(nom.tam.util.ArrayDataIO)"
information QA1004: blank or 'noise' <param> tag ignored for member: "M:nom.tam.fits.ImageData.Write(nom.tam.util.ArrayDataIO)"
